<?xml version="1.0" encoding="UTF-8"?>
<!-- Generated by org.testng.reporters.JUnitReportReporter -->
<testsuite hostname="DESKTOP-GB2J7M6" failures="0" tests="1" name="Com.Ecommerce.TestCases.TC_AddToCart" time="31.509" errors="0" timestamp="2023-07-27T11:42:24 IST" skipped="0">
  <testcase classname="Com.Ecommerce.TestCases.TC_AddToCart" name="AddProduct" time="31.509"/>
</testsuite> <!-- Com.Ecommerce.TestCases.TC_AddToCart -->
