<?xml version="1.0" encoding="UTF-8"?>
<!-- Generated by org.testng.reporters.JUnitReportReporter -->
<testsuite hostname="DESKTOP-GB2J7M6" failures="0" tests="1" name="Com.Ecommerce.TestCases.TC_BrokenLinks" time="81.358" errors="0" timestamp="2023-07-27T11:42:24 IST" skipped="0">
  <testcase classname="Com.Ecommerce.TestCases.TC_BrokenLinks" name="Broken_Links" time="81.358"/>
</testsuite> <!-- Com.Ecommerce.TestCases.TC_BrokenLinks -->
