<?xml version="1.0" encoding="UTF-8"?>
<!-- Generated by org.testng.reporters.JUnitReportReporter -->
<testsuite hostname="DESKTOP-GB2J7M6" failures="0" tests="5" name="Com.Ecommerce.TestCases.TC_LoginDataTest" time="60.632" errors="0" timestamp="2023-07-27T17:29:00 IST" skipped="0">
  <testcase classname="Com.Ecommerce.TestCases.TC_LoginDataTest" name="LoginData" time="15.129"/>
  <testcase classname="Com.Ecommerce.TestCases.TC_LoginDataTest" name="LoginData" time="11.416"/>
  <testcase classname="Com.Ecommerce.TestCases.TC_LoginDataTest" name="LoginData" time="9.848"/>
  <testcase classname="Com.Ecommerce.TestCases.TC_LoginDataTest" name="LoginData" time="13.201"/>
  <testcase classname="Com.Ecommerce.TestCases.TC_LoginDataTest" name="LoginData" time="11.038"/>
</testsuite> <!-- Com.Ecommerce.TestCases.TC_LoginDataTest -->
