<?xml version="1.0" encoding="UTF-8"?>
<!-- Generated by org.testng.reporters.JUnitReportReporter -->
<testsuite hostname="DESKTOP-GB2J7M6" failures="0" tests="5" name="Com.Ecommerce.TestCases.TC_LoginDataTest" time="62.717" errors="0" timestamp="2023-07-27T17:36:52 IST" skipped="0">
  <testcase classname="Com.Ecommerce.TestCases.TC_LoginDataTest" name="LoginData" time="10.685"/>
  <system-out/>
  <testcase classname="Com.Ecommerce.TestCases.TC_LoginDataTest" name="LoginData" time="11.739"/>
  <system-out/>
  <testcase classname="Com.Ecommerce.TestCases.TC_LoginDataTest" name="LoginData" time="17.012"/>
  <system-out/>
  <testcase classname="Com.Ecommerce.TestCases.TC_LoginDataTest" name="LoginData" time="10.953"/>
  <system-out/>
  <testcase classname="Com.Ecommerce.TestCases.TC_LoginDataTest" name="LoginData" time="12.328"/>
  <system-out/>
</testsuite> <!-- Com.Ecommerce.TestCases.TC_LoginDataTest -->
