<?xml version="1.0" encoding="UTF-8"?>
<!-- Generated by org.testng.reporters.JUnitReportReporter -->
<testsuite hostname="DESKTOP-GB2J7M6" failures="0" tests="1" name="Com.Ecommerce.TestCases.TC_LoginApplication" time="13.350" errors="0" timestamp="2023-07-27T17:36:52 IST" skipped="0">
  <testcase classname="Com.Ecommerce.TestCases.TC_LoginApplication" name="Login" time="13.350"/>
  <system-out/>
</testsuite> <!-- Com.Ecommerce.TestCases.TC_LoginApplication -->
